2025-04-07T22:44:54.429322 | 5364888869 | BTCUSDT | REGULAR | Price: 78941.99
2025-04-07T22:50:18.056842 | 5364888869 | BTCUSDT | REGULAR | Price: 78852.4
2025-04-07T22:52:18.348240 | 5364888869 | BTCUSDT | REGULAR | Price: 79078.0
2025-04-07T23:00:37.825159 | 5364888869 | BTCUSDT | REGULAR | Price: 79113.41
2025-04-07T23:02:38.962597 | 5364888869 | BTCUSDT | REGULAR | Price: 78992.02
2025-04-07T23:04:38.308519 | 5364888869 | BTCUSDT | REGULAR | Price: 79074.18
2025-04-07T23:06:38.313405 | 5364888869 | BTCUSDT | REGULAR | Price: 78923.25
2025-04-07T23:08:38.128654 | 5364888869 | BTCUSDT | REGULAR | Price: 78946.5
2025-04-07T23:10:39.560765 | 5364888869 | BTCUSDT | REGULAR | Price: 78928.0
2025-04-07T23:13:02.978918 | 5364888869 | BTCUSDT | THRESHOLD | Change: 0.05%
2025-04-07T23:13:05.835936 | 5364888869 | BTCUSDT | REGULAR | Price: 78848.71
2025-04-07T23:14:38.064668 | 5364888869 | BTCUSDT | REGULAR | Price: 78863.64
2025-04-07T23:17:03.420693 | 5364888869 | BTCUSDT | THRESHOLD | Change: 0.13%
2025-04-07T23:17:08.766889 | 5364888869 | BTCUSDT | REGULAR | Price: 78799.93
2025-04-07T23:19:38.973020 | 5364888869 | BTCUSDT | REGULAR | Price: 79272.06
2025-04-07T23:21:38.139920 | 5364888869 | BTCUSDT | REGULAR | Price: 79178.0
2025-04-07T23:23:38.218098 | 5364888869 | BTCUSDT | REGULAR | Price: 79264.0
2025-04-07T23:25:39.140341 | 5364888869 | BTCUSDT | REGULAR | Price: 79093.66
2025-04-08T18:46:30.342588 | 5364888869 | BTCUSDT | REGULAR | Price: 80008.15
2025-04-08T18:48:05.227226 | 5364888869 | BTCUSDT | REGULAR | Price: 79960.0
2025-04-08T18:50:06.413950 | 5364888869 | BTCUSDT | REGULAR | Price: 79684.01
2025-04-08T18:52:44.828242 | 5364888869 | BTCUSDT | REGULAR | Price: 79558.32
2025-04-08T18:52:47.523972 | 5364888869 | LKOH | REGULAR | Price: 6448.5
2025-04-08T18:56:42.137037 | 5364888869 | LKOH | REGULAR | Price: 6447.0
2025-04-08T19:02:19.999474 | 5364888869 | LKOH | REGULAR | Price: 6447.5
2025-04-08T19:07:19.903461 | 5364888869 | LKOH | REGULAR | Price: 6422.0
2025-04-08T19:13:02.035192 | 5364888869 | LKOH | REGULAR | Price: 6434.0
2025-04-08T19:13:02.604238 | 824714615 | LKOH | REGULAR | Price: 6434.0
2025-04-08T19:16:42.460455 | 5364888869 | LKOH | REGULAR | Price: 6431.0
2025-04-08T19:22:59.956134 | 5364888869 | LKOH | REGULAR | Price: 6439.0
2025-04-08T19:23:02.938797 | 824714615 | LKOH | REGULAR | Price: 6438.0
2025-04-08T19:27:20.502976 | 5364888869 | LKOH | REGULAR | Price: 6430.0
2025-04-08T19:33:01.892974 | 5364888869 | LKOH | REGULAR | Price: 6419.0
2025-04-08T19:33:02.497978 | 824714615 | LKOH | REGULAR | Price: 6415.5
2025-04-08T19:37:20.301765 | 5364888869 | LKOH | REGULAR | Price: 6420.5
2025-04-08T19:43:01.787707 | 5364888869 | LKOH | REGULAR | Price: 6412.0
2025-04-08T19:43:02.501708 | 824714615 | LKOH | REGULAR | Price: 6410.5
2025-04-08T19:47:20.009073 | 5364888869 | LKOH | REGULAR | Price: 6405.0
2025-04-08T19:52:59.637829 | 5364888869 | LKOH | REGULAR | Price: 6408.0
2025-04-08T19:53:02.410448 | 824714615 | LKOH | REGULAR | Price: 6407.5
2025-04-08T19:56:41.989877 | 5364888869 | LKOH | REGULAR | Price: 6412.0
2025-04-08T20:03:01.931206 | 5364888869 | LKOH | REGULAR | Price: 6411.0
2025-04-08T20:03:02.677214 | 824714615 | LKOH | REGULAR | Price: 6415.0
2025-04-08T20:07:22.157486 | 5364888869 | LKOH | REGULAR | Price: 6419.5
2025-04-08T20:13:01.752159 | 5364888869 | LKOH | REGULAR | Price: 6416.0
2025-04-08T20:13:02.381175 | 824714615 | LKOH | REGULAR | Price: 6422.0
2025-04-08T20:17:20.347269 | 5364888869 | LKOH | REGULAR | Price: 6414.0
2025-04-08T20:23:01.836809 | 5364888869 | LKOH | REGULAR | Price: 6405.0
2025-04-08T20:23:02.398809 | 824714615 | LKOH | REGULAR | Price: 6406.0
2025-04-08T20:32:47.221849 | 824714615 | LKOH | REGULAR | Price: 6408.0
2025-04-08T20:39:55.607109 | 5364888869 | LKOH | REGULAR | Price: 6383.5
2025-04-08T20:42:50.085681 | 824714615 | LKOH | REGULAR | Price: 6396.0
2025-04-08T20:52:47.317893 | 824714615 | LKOH | REGULAR | Price: 6392.5
2025-04-08T20:54:51.079832 | 5364888869 | LKOH | REGULAR | Price: 6382.5
2025-04-08T21:02:49.705835 | 824714615 | LKOH | REGULAR | Price: 6400.5
2025-04-08T21:09:49.664631 | 5364888869 | LKOH | REGULAR | Price: 6400.5
2025-04-08T21:12:09.068125 | 824714615 | LKOH | REGULAR | Price: 6400.5
2025-04-08T21:22:47.316103 | 824714615 | LKOH | REGULAR | Price: 6402.0
2025-04-09T15:44:10.384357 | 824714615 | LKOH | REGULAR | Price: 6164.5
2025-04-09T15:49:38.439111 | 5364888869 | LKOH | REGULAR | Price: 6155.0
2025-04-09T15:53:59.745609 | 824714615 | LKOH | REGULAR | Price: 6159.0
2025-04-09T16:14:41.175348 | 824714615 | LKOH | REGULAR | Price: 6160.0
2025-04-09T16:19:37.862202 | 5364888869 | LKOH | REGULAR | Price: 6119.5
2025-04-09T16:24:38.208187 | 824714615 | LKOH | REGULAR | Price: 6125.5
2025-04-09T16:35:19.620416 | 824714615 | LKOH | REGULAR | Price: 6120.5
2025-04-09T16:35:20.152125 | 5364888869 | LKOH | REGULAR | Price: 6120.5
2025-04-09T16:44:39.986790 | 824714615 | LKOH | REGULAR | Price: 6147.5
2025-04-09T16:49:38.478588 | 5364888869 | LKOH | REGULAR | Price: 6147.0
2025-04-09T16:54:40.055560 | 824714615 | LKOH | REGULAR | Price: 6147.0
2025-04-09T17:05:19.975983 | 824714615 | LKOH | REGULAR | Price: 6164.0
2025-04-09T17:05:20.504117 | 5364888869 | LKOH | REGULAR | Price: 6164.5
2025-04-09T17:14:38.539983 | 824714615 | LKOH | REGULAR | Price: 6163.0
2025-04-09T17:19:38.720994 | 5364888869 | LKOH | REGULAR | Price: 6174.0
2025-04-09T17:24:38.267344 | 824714615 | LKOH | REGULAR | Price: 6189.0
2025-04-09T17:35:20.190160 | 824714615 | LKOH | REGULAR | Price: 6203.0
2025-04-09T17:35:20.875419 | 5364888869 | LKOH | REGULAR | Price: 6202.5
2025-04-09T17:44:39.669929 | 824714615 | LKOH | REGULAR | Price: 6193.5
2025-04-09T17:49:00.544245 | 5364888869 | LKOH | REGULAR | Price: 6204.5
2025-04-09T17:54:39.968097 | 824714615 | LKOH | REGULAR | Price: 6177.0
2025-04-09T18:05:18.123031 | 824714615 | LKOH | REGULAR | Price: 6187.0
2025-04-09T18:05:21.088660 | 5364888869 | LKOH | REGULAR | Price: 6187.0
2025-04-09T18:10:15.386973 | 5364888869 | BTCUSDT | REGULAR | Price: 76903.86
2025-04-09T18:14:39.279348 | 824714615 | LKOH | REGULAR | Price: 6209.5
2025-04-09T18:20:20.607693 | 5364888869 | LKOH | REGULAR | Price: 6213.5
2025-04-09T18:20:21.366197 | 5364888869 | BTCUSDT | REGULAR | Price: 76977.24
2025-04-09T18:24:01.674210 | 824714615 | LKOH | REGULAR | Price: 6219.5
2025-04-09T18:29:36.974344 | 5364888869 | BTCUSDT | REGULAR | Price: 76855.77
2025-04-09T18:34:39.946913 | 824714615 | LKOH | REGULAR | Price: 6208.0
2025-04-09T18:43:59.891927 | 824714615 | LKOH | REGULAR | Price: 6209.5
2025-04-09T18:54:04.606150 | 824714615 | LKOH | REGULAR | Price: 6206.5
2025-04-09T19:04:00.089932 | 824714615 | LKOH | REGULAR | Price: 6228.5
2025-04-09T19:14:39.016920 | 824714615 | LKOH | REGULAR | Price: 6247.0
2025-04-09T19:24:38.210591 | 824714615 | LKOH | REGULAR | Price: 6231.0
2025-04-09T19:34:38.088620 | 824714615 | LKOH | REGULAR | Price: 6243.0
2025-04-09T19:44:37.544083 | 824714615 | LKOH | REGULAR | Price: 6212.0
2025-04-09T19:53:23.657747 | 824714615 | LKOH | REGULAR | Price: 6215.0
2025-04-09T20:21:21.167788 | 824714615 | LKOH | REGULAR | Price: 6194.0
2025-04-09T20:31:21.750796 | 824714615 | LKOH | REGULAR | Price: 6202.0
2025-04-09T20:41:22.186124 | 824714615 | LKOH | REGULAR | Price: 6217.0
2025-04-09T20:51:21.448063 | 824714615 | LKOH | REGULAR | Price: 6201.5
2025-04-09T21:02:00.597276 | 824714615 | LKOH | REGULAR | Price: 6208.5
2025-04-09T21:02:03.502967 | 5364888869 | LKOH | REGULAR | Price: 6208.5
2025-04-09T21:11:21.415664 | 824714615 | LKOH | REGULAR | Price: 6208.5
2025-04-09T21:21:21.691043 | 824714615 | LKOH | REGULAR | Price: 6192.0
2025-04-09T21:30:45.046405 | 824714615 | LKOH | REGULAR | Price: 6229.0
2025-04-09T21:41:21.370005 | 824714615 | LKOH | REGULAR | Price: 6231.0
2025-04-09T21:51:21.235772 | 824714615 | LKOH | REGULAR | Price: 6264.0
2025-04-09T22:02:00.961276 | 824714615 | LKOH | REGULAR | Price: 6273.5
2025-04-09T22:02:04.069942 | 5364888869 | LKOH | REGULAR | Price: 6273.5
2025-04-09T22:11:21.225770 | 824714615 | LKOH | REGULAR | Price: 6274.5
2025-04-09T22:21:21.909584 | 824714615 | LKOH | REGULAR | Price: 6293.5
2025-04-09T22:30:43.001749 | 824714615 | LKOH | REGULAR | Price: 6267.5
2025-04-09T22:40:42.537829 | 824714615 | LKOH | REGULAR | Price: 6436.0
2025-04-09T23:00:43.063568 | 824714615 | LKOH | REGULAR | Price: 6454.5
2025-04-09T23:00:55.215976 | 5364888869 | LKOH | REGULAR | Price: 6454.5
2025-04-11T13:49:22.718721 | 824714615 | LKOH | REGULAR | Price: 6469.5
2025-04-11T13:57:27.542029 | 824714615 | LKOH | REGULAR | Price: 6467.0
2025-04-11T14:07:29.552622 | 824714615 | LKOH | REGULAR | Price: 6475.0
2025-04-11T14:17:32.601643 | 824714615 | LKOH | REGULAR | Price: 6477.0
2025-04-11T14:27:20.914428 | 824714615 | LKOH | REGULAR | Price: 6460.0
2025-04-11T14:38:06.037392 | 824714615 | LKOH | REGULAR | Price: 6476.0
2025-04-11T14:38:07.278446 | 5364888869 | LKOH | REGULAR | Price: 6476.0
2025-04-11T14:57:17.180915 | 824714615 | LKOH | REGULAR | Price: 6494.0
2025-04-11T15:06:03.063143 | 824714615 | LKOH | REGULAR | Price: 6503.0
2025-04-11T15:26:02.519311 | 824714615 | LKOH | REGULAR | Price: 6496.0
2025-04-11T15:36:07.686884 | 5364888869 | LKOH | REGULAR | Price: 6515.0
2025-04-11T15:36:08.771845 | 824714615 | LKOH | REGULAR | Price: 6515.0
2025-04-11T15:46:02.450723 | 824714615 | LKOH | REGULAR | Price: 6523.0
2025-04-11T15:56:05.002056 | 824714615 | LKOH | REGULAR | Price: 6522.0
2025-04-11T16:06:04.326048 | 824714615 | LKOH | REGULAR | Price: 6524.5
2025-04-11T16:17:20.560143 | 824714615 | LKOH | REGULAR | Price: 6517.0
2025-04-11T16:26:04.957456 | 824714615 | LKOH | REGULAR | Price: 6522.0
2025-04-11T16:37:57.290679 | 824714615 | LKOH | REGULAR | Price: 6509.0
2025-04-11T16:38:00.239202 | 5364888869 | LKOH | REGULAR | Price: 6509.0
2025-04-11T17:06:05.985718 | 824714615 | LKOH | REGULAR | Price: 6501.5
2025-04-11T17:26:04.428369 | 824714615 | LKOH | REGULAR | Price: 6488.5
2025-04-11T17:36:08.373560 | 824714615 | LKOH | REGULAR | Price: 6496.0
2025-04-11T17:36:09.164637 | 5364888869 | LKOH | REGULAR | Price: 6496.0
2025-04-11T17:46:04.481853 | 824714615 | LKOH | REGULAR | Price: 6498.5
2025-04-11T17:56:10.864832 | 824714615 | LKOH | REGULAR | Price: 6515.0
2025-04-11T18:06:04.586015 | 824714615 | LKOH | REGULAR | Price: 6508.0
2025-04-11T18:36:03.905367 | 5364888869 | LKOH | REGULAR | Price: 6457.0
2025-04-11T18:36:06.658409 | 824714615 | LKOH | REGULAR | Price: 6457.0
2025-04-11T19:36:03.504926 | 5364888869 | LKOH | REGULAR | Price: 6475.5
2025-04-11T20:06:03.233837 | 824714615 | LKOH | REGULAR | Price: 6478.5
2025-04-11T20:17:17.973858 | 824714615 | LKOH | REGULAR | Price: 6485.5
2025-04-11T20:27:22.497511 | 824714615 | LKOH | REGULAR | Price: 6485.0
2025-04-11T20:37:18.745805 | 824714615 | LKOH | REGULAR | Price: 6507.5
2025-04-11T20:37:21.453638 | 5364888869 | LKOH | REGULAR | Price: 6507.5
2025-04-11T20:47:17.522003 | 824714615 | LKOH | REGULAR | Price: 6517.5
2025-04-11T20:56:40.089762 | 824714615 | LKOH | REGULAR | Price: 6496.0
2025-04-11T22:14:16.529669 | 824714615 | LKOH | REGULAR | Price: 6508.5
2025-04-11T22:24:19.489418 | 824714615 | LKOH | REGULAR | Price: 6509.0
2025-04-12T16:02:09.873768 | 824714615 | LKOH | REGULAR | Price: 6572.0
2025-04-12T16:12:04.047855 | 824714615 | LKOH | REGULAR | Price: 6574.5
2025-04-12T16:22:03.915328 | 824714615 | LKOH | REGULAR | Price: 6574.5
2025-04-12T16:32:03.419625 | 824714615 | LKOH | REGULAR | Price: 6570.5
2025-04-12T16:42:04.709574 | 824714615 | LKOH | REGULAR | Price: 6567.5
2025-04-12T16:52:43.310548 | 5364888869 | LKOH | REGULAR | Price: 6572.0
2025-04-12T16:52:46.073932 | 824714615 | LKOH | REGULAR | Price: 6572.0
2025-04-12T17:01:31.992235 | 824714615 | LKOH | REGULAR | Price: 6565.0
2025-04-12T17:12:03.366334 | 824714615 | LKOH | REGULAR | Price: 6565.5
2025-04-12T17:22:03.860604 | 824714615 | LKOH | REGULAR | Price: 6568.5
2025-04-12T17:32:03.878645 | 824714615 | LKOH | REGULAR | Price: 6571.5
2025-04-12T17:42:03.615869 | 824714615 | LKOH | REGULAR | Price: 6569.0
2025-04-12T17:52:43.451699 | 5364888869 | LKOH | REGULAR | Price: 6570.0
2025-04-12T17:52:46.236051 | 824714615 | LKOH | REGULAR | Price: 6570.0
2025-04-12T18:02:04.335656 | 824714615 | LKOH | REGULAR | Price: 6570.0
2025-04-12T18:12:03.868148 | 824714615 | LKOH | REGULAR | Price: 6570.0
2025-04-12T18:22:03.513108 | 824714615 | LKOH | REGULAR | Price: 6573.5
2025-04-12T18:32:03.792068 | 824714615 | LKOH | REGULAR | Price: 6573.0
2025-04-12T18:42:03.830328 | 824714615 | LKOH | REGULAR | Price: 6579.5
2025-04-12T18:52:43.560560 | 5364888869 | LKOH | REGULAR | Price: 6576.5
2025-04-12T18:52:46.397656 | 824714615 | LKOH | REGULAR | Price: 6576.5
2025-04-12T19:02:03.843908 | 824714615 | LKOH | REGULAR | Price: 6574.0
2025-04-12T19:11:25.789993 | 824714615 | LKOH | REGULAR | Price: 6580.0
2025-04-12T19:21:25.503261 | 824714615 | LKOH | REGULAR | Price: 6580.0
2025-04-12T19:32:03.758718 | 824714615 | LKOH | REGULAR | Price: 6579.5
2025-04-12T19:42:04.049576 | 824714615 | LKOH | REGULAR | Price: 6579.5
2025-04-12T19:52:43.717922 | 5364888869 | LKOH | REGULAR | Price: 6575.0
2025-04-12T19:52:46.336509 | 824714615 | LKOH | REGULAR | Price: 6575.0
2025-04-12T20:02:03.759819 | 824714615 | LKOH | REGULAR | Price: 6580.0
2025-04-12T20:12:04.090802 | 824714615 | LKOH | REGULAR | Price: 6574.0
2025-04-12T20:22:03.943247 | 824714615 | LKOH | REGULAR | Price: 6573.5
2025-04-12T20:31:25.629872 | 824714615 | LKOH | REGULAR | Price: 6575.5
2025-04-12T20:42:03.935029 | 824714615 | LKOH | REGULAR | Price: 6574.5
2025-04-12T20:52:05.468784 | 824714615 | LKOH | REGULAR | Price: 6580.5
2025-04-12T20:52:08.401170 | 5364888869 | LKOH | REGULAR | Price: 6580.5
2025-04-12T21:12:13.013080 | 824714615 | LKOH | REGULAR | Price: 6582.5
2025-04-12T21:22:12.515345 | 824714615 | LKOH | REGULAR | Price: 6582.0
2025-04-12T21:32:13.160005 | 824714615 | LKOH | REGULAR | Price: 6582.0
2025-04-12T21:42:12.914013 | 824714615 | LKOH | REGULAR | Price: 6582.0
2025-04-12T21:52:12.616838 | 824714615 | LKOH | REGULAR | Price: 6582.0
2025-04-13T11:57:15.272852 | 824714615 | LKOH | REGULAR | Price: 6582.0
2025-04-13T12:17:05.612769 | 824714615 | LKOH | REGULAR | Price: 6583.0
2025-04-13T12:27:05.041339 | 824714615 | LKOH | REGULAR | Price: 6590.0
2025-04-13T12:37:05.501918 | 824714615 | LKOH | REGULAR | Price: 6597.5
2025-04-13T12:47:05.365484 | 824714615 | LKOH | REGULAR | Price: 6589.5
2025-04-13T12:57:05.481023 | 824714615 | LKOH | REGULAR | Price: 6588.5
2025-04-13T13:07:05.300579 | 824714615 | LKOH | REGULAR | Price: 6589.0
2025-04-13T13:17:05.139835 | 824714615 | LKOH | REGULAR | Price: 6587.0
2025-04-13T13:27:05.099705 | 824714615 | LKOH | REGULAR | Price: 6588.0
2025-04-13T13:37:05.192304 | 824714615 | LKOH | REGULAR | Price: 6588.5
2025-04-13T13:49:01.882154 | 5364888869 | LKOH | REGULAR | Price: 6587.5
2025-04-13T13:49:02.453163 | 824714615 | LKOH | REGULAR | Price: 6587.5
2025-04-13T13:57:05.907611 | 824714615 | LKOH | REGULAR | Price: 6590.0
2025-04-13T14:08:19.909099 | 824714615 | LKOH | REGULAR | Price: 6582.0
2025-04-13T14:18:20.249337 | 824714615 | LKOH | REGULAR | Price: 6589.0
2025-04-13T14:28:20.121639 | 824714615 | LKOH | REGULAR | Price: 6589.0
2025-04-13T14:38:20.056678 | 824714615 | LKOH | REGULAR | Price: 6589.0
2025-04-13T14:48:59.407293 | 824714615 | LKOH | REGULAR | Price: 6590.0
2025-04-13T14:49:02.220005 | 5364888869 | LKOH | REGULAR | Price: 6590.0
2025-04-13T14:58:20.276687 | 824714615 | LKOH | REGULAR | Price: 6588.0
2025-04-13T15:08:20.585149 | 824714615 | LKOH | REGULAR | Price: 6587.5
2025-04-13T15:18:20.102617 | 824714615 | LKOH | REGULAR | Price: 6588.0
2025-04-13T15:28:20.210799 | 824714615 | LKOH | REGULAR | Price: 6588.0
2025-04-13T15:37:44.787621 | 824714615 | LKOH | REGULAR | Price: 6587.0
2025-04-13T15:49:01.727856 | 824714615 | LKOH | REGULAR | Price: 6588.0
2025-04-13T15:49:02.250497 | 5364888869 | LKOH | REGULAR | Price: 6588.0
2025-04-13T15:58:19.815278 | 824714615 | LKOH | REGULAR | Price: 6590.0
2025-04-13T16:08:19.940852 | 824714615 | LKOH | REGULAR | Price: 6588.0
2025-04-13T16:18:20.086509 | 824714615 | LKOH | REGULAR | Price: 6588.0
2025-04-13T16:28:20.030427 | 824714615 | LKOH | REGULAR | Price: 6589.0
2025-04-13T16:38:19.930939 | 824714615 | LKOH | REGULAR | Price: 6589.0
2025-04-13T16:48:59.200339 | 5364888869 | LKOH | REGULAR | Price: 6589.5
2025-04-13T16:49:01.963372 | 824714615 | LKOH | REGULAR | Price: 6589.5
2025-04-13T16:58:20.288687 | 824714615 | LKOH | REGULAR | Price: 6589.0
2025-04-13T17:08:19.963671 | 824714615 | LKOH | REGULAR | Price: 6589.0
2025-04-13T17:18:19.935008 | 824714615 | LKOH | REGULAR | Price: 6589.5
2025-04-13T17:28:20.041074 | 824714615 | LKOH | REGULAR | Price: 6590.0
2025-04-13T17:38:20.136493 | 824714615 | LKOH | REGULAR | Price: 6590.0
2025-04-13T17:48:50.854540 | 5364888869 | LKOH | REGULAR | Price: 6587.5
2025-04-13T17:48:53.607311 | 824714615 | LKOH | REGULAR | Price: 6587.5
2025-04-13T17:58:20.050742 | 824714615 | LKOH | REGULAR | Price: 6579.5
2025-04-13T18:08:20.214885 | 824714615 | LKOH | REGULAR | Price: 6579.5
2025-04-13T18:18:19.643451 | 824714615 | LKOH | REGULAR | Price: 6579.0
2025-04-13T18:28:19.875008 | 824714615 | LKOH | REGULAR | Price: 6580.0
2025-04-13T18:38:19.839113 | 824714615 | LKOH | REGULAR | Price: 6580.0
2025-04-13T18:48:58.711824 | 824714615 | LKOH | REGULAR | Price: 6580.0
2025-04-13T18:49:01.507109 | 5364888869 | LKOH | REGULAR | Price: 6580.0
2025-04-13T18:58:19.759091 | 824714615 | LKOH | REGULAR | Price: 6580.0
2025-04-13T19:08:20.035915 | 824714615 | LKOH | REGULAR | Price: 6578.5
2025-04-13T19:18:20.586995 | 824714615 | LKOH | REGULAR | Price: 6580.0
2025-04-13T19:28:20.049134 | 824714615 | LKOH | REGULAR | Price: 6580.0
2025-04-13T19:38:20.214145 | 824714615 | LKOH | REGULAR | Price: 6580.0
2025-04-13T19:49:01.616400 | 824714615 | LKOH | REGULAR | Price: 6580.0
2025-04-13T19:49:02.392899 | 5364888869 | LKOH | REGULAR | Price: 6580.0
2025-04-13T19:58:20.501143 | 824714615 | LKOH | REGULAR | Price: 6574.0
2025-04-13T20:08:20.044868 | 824714615 | LKOH | REGULAR | Price: 6569.5
2025-04-13T20:18:20.315617 | 824714615 | LKOH | REGULAR | Price: 6564.0
2025-04-13T20:28:19.675124 | 824714615 | LKOH | REGULAR | Price: 6562.0
2025-04-13T20:38:20.171543 | 824714615 | LKOH | REGULAR | Price: 6560.5
2025-04-13T20:48:51.533317 | 5364888869 | LKOH | REGULAR | Price: 6560.0
2025-04-13T20:48:54.335171 | 824714615 | LKOH | REGULAR | Price: 6560.0
2025-04-13T20:58:19.968302 | 824714615 | LKOH | REGULAR | Price: 6561.5
2025-04-13T21:08:19.627442 | 824714615 | LKOH | REGULAR | Price: 6562.0
2025-04-13T21:28:19.645658 | 824714615 | LKOH | REGULAR | Price: 6562.0
2025-04-13T21:38:19.904096 | 824714615 | LKOH | REGULAR | Price: 6562.0
2025-04-13T21:48:59.527877 | 824714615 | LKOH | REGULAR | Price: 6562.0
2025-04-13T21:49:02.260535 | 5364888869 | LKOH | REGULAR | Price: 6562.0
2025-04-14T11:07:27.197228 | 824714615 | LKOH | REGULAR | Price: 6504.0
2025-04-14T11:13:13.255276 | 5364888869 | LKOH | REGULAR | Price: 6508.5
2025-04-14T11:17:25.306466 | 824714615 | LKOH | REGULAR | Price: 6501.5
2025-04-14T11:27:24.867080 | 824714615 | LKOH | REGULAR | Price: 6490.0
2025-04-14T11:37:25.020504 | 824714615 | LKOH | REGULAR | Price: 6481.5
2025-04-14T19:27:21.256863 | 824714615 | LKOH | REGULAR | Price: 6507.0
2025-04-14T19:32:18.557157 | 5364888869 | LKOH | REGULAR | Price: 6505.5
2025-04-14T19:37:16.221849 | 824714615 | LKOH | REGULAR | Price: 6512.0
2025-04-14T19:47:57.119742 | 5364888869 | LKOH | REGULAR | Price: 6524.5
2025-04-14T19:47:57.759950 | 824714615 | LKOH | REGULAR | Price: 6524.5
2025-04-14T19:56:37.730139 | 824714615 | LKOH | REGULAR | Price: 6515.0
2025-04-14T20:02:15.890506 | 5364888869 | LKOH | REGULAR | Price: 6509.0
2025-04-14T20:07:15.990789 | 824714615 | LKOH | REGULAR | Price: 6520.0
2025-04-14T20:17:57.810161 | 5364888869 | LKOH | REGULAR | Price: 6530.5
2025-04-14T20:17:58.491516 | 824714615 | LKOH | REGULAR | Price: 6530.5
2025-04-14T20:27:16.497641 | 824714615 | LKOH | REGULAR | Price: 6523.0
2025-04-14T20:32:15.750603 | 5364888869 | LKOH | REGULAR | Price: 6530.5
2025-04-14T20:37:16.133310 | 824714615 | LKOH | REGULAR | Price: 6528.5
2025-04-14T20:47:57.725544 | 824714615 | LKOH | REGULAR | Price: 6503.5
2025-04-14T20:47:58.347719 | 5364888869 | LKOH | REGULAR | Price: 6503.5
2025-04-14T20:57:16.379318 | 824714615 | LKOH | REGULAR | Price: 6501.0
2025-04-14T21:02:15.889355 | 5364888869 | LKOH | REGULAR | Price: 6498.0
2025-04-14T21:07:16.062618 | 824714615 | LKOH | REGULAR | Price: 6498.0
2025-04-16T16:55:34.211996 | 5364888869 | LKOH | REGULAR | Price: 6460.5
2025-04-16T17:00:30.575247 | 824714615 | LKOH | REGULAR | Price: 6482.0
2025-04-16T17:20:31.972771 | 824714615 | LKOH | REGULAR | Price: 6466.0
2025-04-16T17:25:32.170417 | 5364888869 | LKOH | REGULAR | Price: 6467.5
2025-04-16T17:42:28.482287 | 5364888869 | LKOH | REGULAR | Price: 6467.5
2025-04-16T17:42:29.581166 | 824714615 | LKOH | REGULAR | Price: 6467.5
2025-04-16T17:51:50.345970 | 824714615 | LKOH | REGULAR | Price: 6465.5
2025-04-16T17:56:49.809832 | 5364888869 | LKOH | REGULAR | Price: 6470.0
2025-04-16T18:01:46.308575 | 824714615 | LKOH | REGULAR | Price: 6460.5
2025-04-16T18:12:25.298084 | 824714615 | LKOH | REGULAR | Price: 6474.0
2025-04-16T18:12:28.313961 | 5364888869 | LKOH | REGULAR | Price: 6474.0
2025-04-16T18:21:46.435116 | 824714615 | LKOH | REGULAR | Price: 6466.5
2025-04-16T18:26:46.849392 | 5364888869 | LKOH | REGULAR | Price: 6464.0
2025-04-16T18:31:46.760199 | 824714615 | LKOH | REGULAR | Price: 6468.5
2025-04-16T18:41:52.220069 | 824714615 | LKOH | REGULAR | Price: 6476.5
2025-04-16T18:51:46.512949 | 824714615 | LKOH | REGULAR | Price: 6479.0
2025-04-16T18:56:07.760318 | 5364888869 | LKOH | REGULAR | Price: 6472.0
2025-04-16T19:01:46.459859 | 824714615 | LKOH | REGULAR | Price: 6475.0
2025-04-16T19:10:32.796295 | 5364888869 | LKOH | REGULAR | Price: 6478.0
2025-04-16T19:10:35.581867 | 824714615 | LKOH | REGULAR | Price: 6478.0
2025-04-16T19:20:30.835381 | 824714615 | LKOH | REGULAR | Price: 6498.5
2025-04-16T19:25:33.504201 | 5364888869 | LKOH | REGULAR | Price: 6497.5
2025-04-16T19:30:31.305585 | 824714615 | LKOH | REGULAR | Price: 6493.0
2025-04-17T22:16:40.569101 | 824714615 | LKOH | REGULAR | Price: 6626.0
2025-04-17T22:21:34.732996 | 5364888869 | LKOH | REGULAR | Price: 6626.0
2025-04-17T22:26:34.536638 | 824714615 | LKOH | REGULAR | Price: 6629.5
2025-04-17T22:35:15.502808 | 824714615 | LKOH | REGULAR | Price: 6620.0
2025-04-18T16:55:49.735298 | 824714615 | LKOH | REGULAR | Price: 6553.5
2025-04-18T17:00:42.347316 | 5364888869 | LKOH | REGULAR | Price: 6545.5
2025-04-18T17:05:38.183021 | 824714615 | LKOH | REGULAR | Price: 6545.0
2025-04-18T17:15:42.392319 | 824714615 | LKOH | REGULAR | Price: 6549.0
2025-04-18T17:15:43.154964 | 5364888869 | LKOH | REGULAR | Price: 6549.0
2025-04-18T17:25:38.267340 | 824714615 | LKOH | REGULAR | Price: 6542.0
2025-04-18T17:30:38.906907 | 5364888869 | LKOH | REGULAR | Price: 6543.0
2025-04-18T17:35:39.068444 | 824714615 | LKOH | REGULAR | Price: 6532.5
2025-04-18T17:45:42.815634 | 5364888869 | LKOH | REGULAR | Price: 6534.0
2025-04-18T17:45:43.700646 | 824714615 | LKOH | REGULAR | Price: 6534.0
2025-04-18T18:00:40.569494 | 5364888869 | LKOH | REGULAR | Price: 6538.0
2025-04-18T18:05:40.461921 | 824714615 | LKOH | REGULAR | Price: 6534.5
2025-04-18T18:15:38.507853 | 5364888869 | LKOH | REGULAR | Price: 6517.0
2025-04-18T18:25:38.091839 | 824714615 | LKOH | REGULAR | Price: 6581.5
2025-04-18T18:30:37.985013 | 5364888869 | LKOH | REGULAR | Price: 6565.0
2025-04-18T18:35:37.847049 | 824714615 | LKOH | REGULAR | Price: 6572.5
2025-04-18T20:45:30.062742 | 5364888869 | BTCUSDT | REGULAR | Price: 84378.53
2025-04-18T20:47:08.777948 | 5364888869 | BTCUSDT | REGULAR | Price: 84411.85
2025-04-18T20:49:08.555942 | 5364888869 | BTCUSDT | REGULAR | Price: 84424.71
2025-04-18T20:51:09.146152 | 5364888869 | BTCUSDT | REGULAR | Price: 84431.72
2025-04-18T21:09:08.163987 | 5364888869 | BTCUSDT | REGULAR | Price: 84451.6
2025-04-18T21:13:52.476895 | 5364888869 | BTCUSDT | REGULAR | Price: 84427.59
2025-04-18T21:15:54.652967 | 5364888869 | BTCUSDT | REGULAR | Price: 84433.26
2025-04-18T21:18:29.116996 | 5364888869 | AAVEUSDT | REGULAR | Price: 138.19
2025-04-18T21:18:31.946588 | 5364888869 | BTCUSDT | REGULAR | Price: 84457.1
2025-04-18T21:29:15.255056 | 5364888869 | BTCUSDT | REGULAR | Price: 84547.03
2025-04-18T21:29:18.225829 | 5364888869 | SOLUSDT | REGULAR | Price: 133.45
2025-04-18T21:35:35.594578 | 5364888869 | SOLUSDT | REGULAR | Price: 133.45
2025-04-18T21:35:35.731577 | 5364888869 | BTCUSDT | REGULAR | Price: 84517.16
2025-04-18T21:35:35.917577 | 5364888869 | SOLUSDT | REGULAR | Price: 133.49
2025-04-19T17:26:08.023885 | 5364888869 | SOLUSDT | REGULAR | Price: 138.95
2025-04-19T17:26:12.966278 | 5364888869 | BTCUSDT | REGULAR | Price: 85310.75
2025-04-19T17:26:52.204498 | 5364888869 | SOLUSDT | REGULAR | Price: 138.97
2025-04-19T17:26:54.897460 | 5364888869 | SOLUSDT | REGULAR | Price: 138.97
2025-04-19T17:27:12.674085 | 5364888869 | BTCUSDT | REGULAR | Price: 85298.51
2025-04-19T17:27:50.886075 | 5364888869 | SOLUSDT | REGULAR | Price: 139.0
2025-04-19T17:28:13.094425 | 5364888869 | BTCUSDT | REGULAR | Price: 85305.49
2025-04-19T17:28:52.903211 | 5364888869 | BTCUSDT | REGULAR | Price: 85310.74
2025-04-19T17:28:55.455310 | 5364888869 | SOLUSDT | REGULAR | Price: 139.15
2025-04-19T17:29:12.543581 | 5364888869 | BTCUSDT | REGULAR | Price: 85310.74
2025-04-19T17:30:06.947723 | 5364888869 | SOLUSDT | REGULAR | Price: 139.13
2025-04-19T17:30:11.983476 | 5364888869 | BTCUSDT | REGULAR | Price: 85310.75
2025-04-19T17:33:42.138359 | 5364888869 | SOLUSDT | REGULAR | 139.04
2025-04-19T17:33:42.339472 | 5364888869 | SOLUSDT | REGULAR | 139.04
2025-04-19T17:33:42.482472 | 5364888869 | BTCUSDT | REGULAR | 85320.75
2025-04-19T17:34:48.763525 | 5364888869 | SOLUSDT | REGULAR | 139.02
2025-04-19T17:34:48.932008 | 5364888869 | SOLUSDT | REGULAR | 139.02
2025-04-19T17:34:49.085509 | 5364888869 | BTCUSDT | REGULAR | 85320.76
2025-04-19T17:34:49.268460 | 5364888869 | BTCUSDT | REGULAR | 85320.76
2025-04-19T17:35:51.591892 | 5364888869 | BTCUSDT | REGULAR | 85310.74
2025-04-19T17:35:51.796194 | 5364888869 | SOLUSDT | REGULAR | 139.0
2025-04-19T17:35:51.978021 | 5364888869 | SOLUSDT | REGULAR | 139.0
2025-04-19T17:35:52.206043 | 5364888869 | BTCUSDT | REGULAR | 85310.74
2025-04-19T17:40:11.832167 | 5364888869 | BTCUSDT | REGULAR | 85322.58
2025-04-19T17:40:14.573979 | 5364888869 | SOLUSDT | REGULAR | 138.85
2025-04-19T17:41:09.979374 | 5364888869 | SOLUSDT | REGULAR | 138.87
2025-04-19T17:43:24.969227 | 5364888869 | BTCUSDT | REGULAR | 85324.22
2025-04-19T17:43:25.339862 | 5364888869 | SOLUSDT | REGULAR | 138.88
2025-04-19T17:44:21.531709 | 5364888869 | SOLUSDT | REGULAR | 138.9
2025-04-19T17:44:24.273534 | 5364888869 | BTCUSDT | REGULAR | 85324.22
2025-04-19T17:45:21.151948 | 5364888869 | SOLUSDT | REGULAR | 138.76
2025-04-19T17:47:09.143345 | 5364888869 | SOLUSDT | REGULAR | 138.72
2025-04-19T17:48:09.957331 | 5364888869 | BTCUSDT | REGULAR | 85260.87
2025-04-19T17:49:09.702712 | 5364888869 | BTCUSDT | REGULAR | 85247.19
2025-04-19T18:06:21.428165 | 5364888869 | BTCUSDT | REGULAR | 85273.59
2025-04-19T18:06:24.206412 | 5364888869 | SOLUSDT | REGULAR | 138.83
2025-04-19T18:08:09.237028 | 5364888869 | SOLUSDT | REGULAR | 139.03
2025-04-19T18:08:09.800252 | 5364888869 | BTCUSDT | REGULAR | 85295.38
2025-04-19T18:09:10.987228 | 5364888869 | BTCUSDT | REGULAR | 85286.86
2025-04-19T18:09:11.599360 | 5364888869 | SOLUSDT | REGULAR | 139.0
2025-04-19T18:10:06.556874 | 5364888869 | SOLUSDT | REGULAR | 139.07
2025-04-19T18:10:09.427990 | 5364888869 | BTCUSDT | REGULAR | 85311.05
2025-04-19T18:11:08.746177 | 5364888869 | SOLUSDT | REGULAR | 139.12
2025-04-19T18:11:11.661640 | 5364888869 | BTCUSDT | REGULAR | 85303.06
2025-04-19T18:12:10.853790 | 5364888869 | BTCUSDT | REGULAR | 85340.53
2025-04-19T18:12:11.359788 | 5364888869 | AAVEUSDT | REGULAR | 138.86
2025-04-19T18:17:08.372903 | 824714615 | LKOH | REGULAR | 6629.5
2025-04-19T18:23:23.018643 | 5364888869 | LKOH | REGULAR | 6629.5
2025-04-19T18:31:38.485302 | 5364888869 | BTCUSDT | REGULAR | 85403.54
2025-04-19T18:33:42.576058 | 5364888869 | BTCUSDT | REGULAR | 85368.0
2025-04-19T18:35:36.491503 | 5364888869 | BTCUSDT | REGULAR | 85347.83
2025-04-19T18:37:41.502378 | 5364888869 | BTCUSDT | REGULAR | 85330.37
2025-04-19T18:41:00.663219 | 824714615 | LKOH | REGULAR | 6629.5
2025-04-19T18:41:00.695243 | 5364888869 | BTCUSDT | REGULAR | 85336.35
2025-04-19T18:41:00.835376 | 824714615 | LKOH | REGULAR | 6629.5
2025-04-19T18:45:52.803854 | 824714615 | LKOH | REGULAR | 6629.5
2025-04-19T18:45:55.632715 | 5364888869 | BTCUSDT | REGULAR | 85390.08
2025-04-19T18:48:53.971879 | 824714615 | LKOH | REGULAR | 6629.5
2025-04-19T18:48:56.769486 | 5364888869 | BTCUSDT | REGULAR | 85390.06
2025-04-19T18:51:17.376724 | 824714615 | LKOH | REGULAR | 6629.5
2025-04-19T18:59:17.162414 | 5364888869 | LKOH | REGULAR | 6629.5
2025-04-19T19:20:06.523922 | 5364888869 | LKOH | REGULAR | 6629.5
2025-04-19T19:35:02.703689 | 5364888869 | LKOH | REGULAR | 6629.5
2025-04-19T19:50:04.635285 | 5364888869 | LKOH | REGULAR | 6629.5
2025-04-19T20:05:05.005623 | 5364888869 | LKOH | REGULAR | 6629.5
2025-04-19T20:20:04.396668 | 5364888869 | LKOH | REGULAR | 6629.5
2025-04-19T20:35:03.699861 | 5364888869 | LKOH | REGULAR | 6629.5
2025-04-19T20:50:06.880931 | 5364888869 | LKOH | REGULAR | 6629.5
2025-04-19T21:05:05.483044 | 5364888869 | LKOH | REGULAR | 6629.5
2025-04-21T19:05:25.475939 | 5364888869 | BTCUSDT | REGULAR | 87250.39
2025-04-21T19:35:21.651359 | 5364888869 | BTCUSDT | REGULAR | 88350.0
2025-04-21T19:57:06.512102 | 5364888869 | SOLUSDT | THRESHOLD | 0.01%
2025-04-21T19:58:06.094274 | 5364888869 | SOLUSDT | THRESHOLD | 0.03%
2025-04-21T19:59:06.734320 | 5364888869 | SOLUSDT | THRESHOLD | 0.09%
2025-04-21T20:00:03.851912 | 5364888869 | SOLUSDT | THRESHOLD | 0.06%
2025-04-21T20:09:42.644803 | 5364888869 | BTCUSDT | REGULAR | 88033.28
2025-04-21T20:36:26.599987 | -4736323144 | BTCUSDT | REGULAR | 88207.81
2025-04-21T20:38:05.095517 | -4736323144 | BTCUSDT | REGULAR | 88187.86
2025-04-21T20:38:25.528455 | -4736323144 | BTCUSDT | REGULAR | 88262.4
2025-04-21T20:40:26.995576 | -4736323144 | BTCUSDT | REGULAR | 88267.41
2025-04-21T20:41:25.947616 | -4736323144 | BTCUSDT | REGULAR | 88261.87
2025-04-21T20:42:26.598817 | -4736323144 | BTCUSDT | REGULAR | 88245.07
2025-04-21T20:43:28.571689 | -4736323144 | BTCUSDT | REGULAR | 88217.39
2025-04-21T20:44:32.733019 | -4736323144 | BTCUSDT | REGULAR | 88188.03
2025-04-21T20:45:25.879862 | -4736323144 | BTCUSDT | REGULAR | 88152.84
2025-04-21T20:46:39.549575 | -4736323144 | BTCUSDT | REGULAR | 88091.94
2025-04-21T20:48:14.960931 | -4736323144 | BTCUSDT | REGULAR | 87944.45
2025-04-21T20:49:50.185708 | -4736323144 | BTCUSDT | REGULAR | 88026.3
2025-04-21T20:50:33.550864 | -4736323144 | BTCUSDT | REGULAR | 88053.77
2025-04-21T20:51:26.869559 | -4736323144 | BTCUSDT | REGULAR | 88020.77
2025-04-21T20:52:33.789512 | -4736323144 | BTCUSDT | REGULAR | 87981.51
2025-04-21T20:53:28.461845 | -4736323144 | BTCUSDT | REGULAR | 88021.16
2025-04-21T20:55:25.913758 | -4736323144 | BTCUSDT | REGULAR | 87993.51
2025-04-21T20:58:33.455902 | -4736323144 | BTCUSDT | REGULAR | 88000.07
2025-04-21T20:59:31.231563 | -4736323144 | BTCUSDT | REGULAR | 88055.3
2025-04-21T21:00:28.296663 | -4736323144 | BTCUSDT | REGULAR | 88029.99
2025-04-21T21:01:40.423185 | -4736323144 | BTCUSDT | REGULAR | 88068.4
2025-04-21T21:02:25.250063 | -4736323144 | BTCUSDT | REGULAR | 88088.59
2025-04-21T21:03:26.643980 | -4736323144 | BTCUSDT | REGULAR | 88032.55
2025-04-21T21:04:29.420201 | -4736323144 | BTCUSDT | REGULAR | 88004.99
2025-04-21T21:05:28.737579 | -4736323144 | BTCUSDT | REGULAR | 88006.61
2025-04-21T21:06:52.495920 | -4736323144 | BTCUSDT | REGULAR | 87945.56
2025-04-21T21:07:25.950303 | -4736323144 | BTCUSDT | REGULAR | 87997.77
2025-04-21T21:08:26.446671 | -4736323144 | BTCUSDT | REGULAR | 87981.08
2025-04-21T21:09:28.850347 | -4736323144 | BTCUSDT | REGULAR | 88053.8
2025-04-21T21:10:25.929285 | -4736323144 | BTCUSDT | REGULAR | 88140.43
2025-04-21T21:11:26.679785 | -4736323144 | BTCUSDT | REGULAR | 88169.81
2025-04-21T21:12:42.289278 | -4736323144 | BTCUSDT | REGULAR | 88230.68
2025-04-21T21:13:27.882887 | -4736323144 | BTCUSDT | REGULAR | 88270.87
2025-04-21T21:14:28.096559 | -4736323144 | BTCUSDT | REGULAR | 88183.02
2025-04-21T21:15:26.012219 | -4736323144 | BTCUSDT | REGULAR | 88125.49
2025-04-21T21:16:36.282879 | -4736323144 | BTCUSDT | REGULAR | 88115.82
2025-04-21T21:17:27.267275 | -4736323144 | BTCUSDT | REGULAR | 88157.09
2025-04-21T21:18:28.225646 | -4736323144 | BTCUSDT | REGULAR | 88122.65
2025-04-21T21:19:28.566448 | -4736323144 | BTCUSDT | REGULAR | 88000.09
2025-04-21T21:21:40.237773 | -4736323144 | BTCUSDT | REGULAR | 87955.68
2025-04-21T21:22:26.674360 | -4736323144 | BTCUSDT | REGULAR | 87913.18
2025-04-21T21:23:28.911251 | -4736323144 | BTCUSDT | REGULAR | 87972.61
2025-04-21T21:25:26.172981 | -4736323144 | BTCUSDT | REGULAR | 88009.99
2025-04-21T21:25:43.461219 | 5364888869 | BTCUSDT | REGULAR | 88009.99
2025-04-21T21:26:27.768141 | -4736323144 | BTCUSDT | REGULAR | 87996.36
2025-04-21T21:27:28.306494 | -4736323144 | BTCUSDT | REGULAR | 87860.89
2025-04-21T21:28:27.200683 | -4736323144 | BTCUSDT | REGULAR | 87822.01
2025-04-21T21:30:28.432439 | -4736323144 | BTCUSDT | REGULAR | 87734.4
2025-04-21T21:31:26.327996 | -4736323144 | BTCUSDT | REGULAR | 87826.05
2025-04-21T21:32:27.060778 | -4736323144 | BTCUSDT | REGULAR | 87800.0
2025-04-21T21:34:26.513339 | -4736323144 | BTCUSDT | REGULAR | 87865.75
2025-04-21T21:35:26.332677 | -4736323144 | BTCUSDT | REGULAR | 87800.02
2025-04-21T21:36:28.751655 | -4736323144 | BTCUSDT | REGULAR | 87804.51
2025-04-21T21:37:25.991911 | -4736323144 | BTCUSDT | REGULAR | 87869.33
2025-04-21T21:38:28.549684 | -4736323144 | BTCUSDT | REGULAR | 87911.83
2025-04-21T21:39:27.566487 | -4736323144 | BTCUSDT | REGULAR | 87862.95
2025-04-21T21:40:27.591769 | -4736323144 | BTCUSDT | REGULAR | 87780.01
2025-04-21T21:40:42.321475 | 5364888869 | BTCUSDT | REGULAR | 87782.1
2025-04-21T21:41:27.846852 | -4736323144 | BTCUSDT | REGULAR | 87751.98
2025-04-21T21:42:26.431845 | -4736323144 | BTCUSDT | REGULAR | 87670.01
2025-04-21T21:43:27.080068 | -4736323144 | BTCUSDT | REGULAR | 87649.29
2025-04-21T21:44:27.902423 | -4736323144 | BTCUSDT | REGULAR | 87626.59
2025-04-21T21:45:28.247523 | -4736323144 | BTCUSDT | REGULAR | 87580.4
2025-04-21T21:48:26.992162 | -4736323144 | BTCUSDT | REGULAR | 87452.64
2025-04-21T21:50:04.449628 | -4736323144 | BTCUSDT | REGULAR | 87447.36
2025-04-21T21:50:25.412292 | -4736323144 | BTCUSDT | REGULAR | 87487.7
2025-04-21T21:52:37.533107 | -4736323144 | BTCUSDT | REGULAR | 87380.97
2025-04-21T21:53:27.436121 | -4736323144 | BTCUSDT | REGULAR | 87374.0
2025-04-21T21:56:27.932343 | -4736323144 | BTCUSDT | REGULAR | 87153.71
2025-04-21T21:57:26.843907 | -4736323144 | BTCUSDT | REGULAR | 87160.01
2025-04-21T21:58:26.239807 | -4736323144 | BTCUSDT | REGULAR | 87101.0
2025-04-21T22:00:26.356745 | -4736323144 | BTCUSDT | REGULAR | 87106.77
2025-04-21T22:01:27.973368 | -4736323144 | BTCUSDT | REGULAR | 86972.0
2025-04-21T22:02:26.398000 | -4736323144 | BTCUSDT | REGULAR | 86800.0
2025-04-21T22:04:28.984043 | -4736323144 | BTCUSDT | REGULAR | 86710.01
2025-04-21T22:05:26.590753 | -4736323144 | BTCUSDT | REGULAR | 86548.75
2025-04-21T22:06:28.109622 | -4736323144 | BTCUSDT | REGULAR | 86508.01
2025-04-21T22:07:27.492553 | -4736323144 | BTCUSDT | REGULAR | 86440.0
2025-04-21T22:08:26.397359 | -4736323144 | BTCUSDT | REGULAR | 86567.92
2025-04-21T22:11:26.726336 | -4736323144 | BTCUSDT | REGULAR | 86621.81
2025-04-21T22:12:28.147084 | -4736323144 | BTCUSDT | REGULAR | 86796.87
2025-04-21T22:13:30.283045 | -4736323144 | BTCUSDT | REGULAR | 86831.76
2025-04-21T22:15:25.876837 | -4736323144 | BTCUSDT | REGULAR | 86800.0
2025-04-21T22:16:26.887476 | -4736323144 | BTCUSDT | REGULAR | 86780.02
2025-04-21T22:17:28.031618 | -4736323144 | BTCUSDT | REGULAR | 86932.91
2025-04-21T22:19:25.990944 | -4736323144 | BTCUSDT | REGULAR | 87100.0
2025-04-21T22:20:28.609342 | -4736323144 | BTCUSDT | REGULAR | 87067.74
2025-04-21T22:21:28.343068 | -4736323144 | BTCUSDT | REGULAR | 86988.66
2025-04-21T22:23:26.514517 | -4736323144 | BTCUSDT | REGULAR | 86940.43
2025-04-21T22:24:28.538442 | -4736323144 | BTCUSDT | REGULAR | 86981.84
2025-04-21T22:25:26.203365 | -4736323144 | BTCUSDT | REGULAR | 86935.55
2025-04-21T22:26:26.840503 | -4736323144 | BTCUSDT | REGULAR | 87093.99
2025-04-21T22:28:25.451510 | -4736323144 | BTCUSDT | REGULAR | 87256.5
2025-04-21T22:29:27.721255 | -4736323144 | BTCUSDT | REGULAR | 87164.52
2025-04-21T22:31:26.539001 | -4736323144 | BTCUSDT | REGULAR | 87104.04
2025-04-21T22:32:26.779627 | -4736323144 | BTCUSDT | REGULAR | 87226.43
2025-04-21T22:33:26.341199 | -4736323144 | BTCUSDT | REGULAR | 87129.03
2025-04-21T22:34:25.553470 | -4736323144 | BTCUSDT | REGULAR | 87041.1
2025-04-21T22:35:27.822438 | -4736323144 | BTCUSDT | REGULAR | 87055.5
2025-04-21T22:36:25.918059 | -4736323144 | BTCUSDT | REGULAR | 86967.78
2025-04-21T22:37:28.694737 | -4736323144 | BTCUSDT | REGULAR | 87055.45
2025-04-21T22:38:27.961816 | -4736323144 | BTCUSDT | REGULAR | 87055.8
2025-04-21T22:39:29.549112 | -4736323144 | BTCUSDT | REGULAR | 87065.03
2025-04-21T22:40:25.201146 | -4736323144 | BTCUSDT | REGULAR | 87000.3
2025-04-21T22:41:25.730692 | -4736323144 | BTCUSDT | REGULAR | 87031.46
2025-04-21T22:42:26.987558 | -4736323144 | BTCUSDT | REGULAR | 87031.72
2025-04-21T22:43:27.332822 | -4736323144 | BTCUSDT | REGULAR | 86985.58
2025-04-21T22:44:25.971294 | -4736323144 | BTCUSDT | REGULAR | 86955.38
2025-04-21T22:45:27.057258 | -4736323144 | BTCUSDT | REGULAR | 86950.0
2025-04-21T22:46:28.014000 | -4736323144 | BTCUSDT | REGULAR | 86931.88
2025-04-21T22:47:26.853128 | -4736323144 | BTCUSDT | REGULAR | 87008.54
2025-04-21T22:49:25.877605 | -4736323144 | BTCUSDT | REGULAR | 87052.37
2025-04-21T22:51:28.957325 | -4736323144 | BTCUSDT | REGULAR | 86974.21
2025-04-21T22:52:26.447127 | -4736323144 | BTCUSDT | REGULAR | 86861.31
2025-04-21T22:53:27.287326 | -4736323144 | BTCUSDT | REGULAR | 86888.7
2025-04-21T22:54:28.381949 | -4736323144 | BTCUSDT | REGULAR | 86843.51
2025-04-21T22:55:26.904579 | -4736323144 | BTCUSDT | REGULAR | 86826.09
2025-04-21T22:55:44.952851 | 5364888869 | BTCUSDT | REGULAR | 86820.09
2025-04-21T22:56:27.678767 | -4736323144 | BTCUSDT | REGULAR | 86757.24
2025-04-21T22:57:26.431293 | -4736323144 | BTCUSDT | REGULAR | 86757.24
2025-04-21T22:58:27.641726 | -4736323144 | BTCUSDT | REGULAR | 86701.5
2025-04-21T22:59:27.746297 | -4736323144 | BTCUSDT | REGULAR | 86794.68
2025-04-21T23:00:26.644152 | -4736323144 | BTCUSDT | REGULAR | 86790.2
2025-04-21T23:01:28.640412 | -4736323144 | BTCUSDT | REGULAR | 86716.98
2025-04-21T23:03:26.452604 | -4736323144 | BTCUSDT | REGULAR | 86743.83
2025-04-21T23:05:26.972436 | -4736323144 | BTCUSDT | REGULAR | 86824.93
2025-04-21T23:07:27.915297 | -4736323144 | BTCUSDT | REGULAR | 86977.73
2025-04-21T23:08:26.606913 | -4736323144 | BTCUSDT | REGULAR | 86953.49
2025-04-21T23:09:27.437815 | -4736323144 | BTCUSDT | REGULAR | 86939.45
2025-04-21T23:10:26.326074 | -4736323144 | BTCUSDT | REGULAR | 86868.41
2025-04-21T23:11:35.060924 | -4736323144 | BTCUSDT | REGULAR | 86845.5
2025-04-21T23:12:26.954930 | -4736323144 | BTCUSDT | REGULAR | 86915.4
2025-04-21T23:13:52.312600 | -4736323144 | BTCUSDT | REGULAR | 86912.83
2025-04-21T23:15:12.759668 | -4736323144 | BTCUSDT | REGULAR | 86922.92
2025-04-21T23:16:28.065625 | -4736323144 | BTCUSDT | REGULAR | 86933.68
2025-04-21T23:17:27.369696 | -4736323144 | BTCUSDT | REGULAR | 86999.99
2025-04-21T23:18:25.947865 | -4736323144 | BTCUSDT | REGULAR | 86989.41
2025-04-21T23:19:25.590543 | -4736323144 | BTCUSDT | REGULAR | 86985.99
2025-04-21T23:20:26.842372 | -4736323144 | BTCUSDT | REGULAR | 86883.26
2025-04-22T18:49:20.113186 | 5364888869 | LKOH | REGULAR | 6735.5
2025-04-22T18:58:33.929390 | 5364888869 | BTCUSDT | REGULAR | 89988.16
2025-04-22T19:04:19.524808 | 5364888869 | LKOH | REGULAR | 6740.5
2025-04-22T19:13:36.008510 | 5364888869 | BTCUSDT | REGULAR | 90296.53
2025-04-22T19:19:21.714703 | 5364888869 | LKOH | REGULAR | 6745.5
2025-04-22T19:34:17.614302 | 5364888869 | LKOH | REGULAR | 6733.5
2025-04-22T19:43:32.101688 | 5364888869 | BTCUSDT | REGULAR | 90660.03
2025-04-22T19:48:39.830711 | 5364888869 | LKOH | REGULAR | 6733.5
2025-04-22T19:58:32.579160 | 5364888869 | BTCUSDT | REGULAR | 90772.11
2025-04-22T20:04:18.227189 | 5364888869 | LKOH | REGULAR | 6744.5
2025-04-22T20:13:30.564836 | 5364888869 | BTCUSDT | REGULAR | 91349.99
2025-04-22T20:19:17.252893 | 5364888869 | LKOH | REGULAR | 6747.0
2025-04-22T20:28:27.207626 | 5364888869 | BTCUSDT | REGULAR | 90962.11
2025-04-22T20:34:19.447870 | 5364888869 | LKOH | REGULAR | 6739.0
2025-04-22T20:43:30.754785 | 5364888869 | BTCUSDT | REGULAR | 90509.58
2025-04-22T21:27:58.619573 | 5364888869 | SOLUSDT | REGULAR | 144.97
2025-04-22T21:33:18.914659 | 5364888869 | SOLUSDT | REGULAR | 144.97
2025-04-22T21:35:13.566071 | 5364888869 | SOLUSDT | REGULAR | 145.17
2025-04-22T21:37:11.652267 | 5364888869 | SOLUSDT | REGULAR | 145.05
2025-04-22T21:53:43.225930 | 5364888869 | BTCUSDT | REGULAR | 90680.0
2025-04-22T22:34:58.066590 | 5364888869 | LKOH | REGULAR | 6756.0
2025-04-23T17:32:44.657914 | 5364888869 | LKOH | REGULAR | 6741.0
2025-04-23T17:56:20.978422 | 5364888869 | SOLUSDT | REGULAR | 152.37
2025-04-23T17:56:47.751890 | 5364888869 | LKOH | REGULAR | 6747.0
2025-04-23T18:01:29.219303 | 5364888869 | LKOH | REGULAR | 6754.0
2025-04-23T18:02:25.666698 | 5364888869 | LKOH | REGULAR | 6754.5
2025-04-23T18:03:26.906864 | 5364888869 | LKOH | REGULAR | 6751.5
2025-04-23T18:05:07.965935 | 5364888869 | SOLUSDT | REGULAR | 152.04
2025-04-23T19:55:27.060231 | 5364888869 | SOLUSDT | REGULAR | 151.38
2025-04-23T19:58:07.358428 | 5364888869 | SOLUSDT | REGULAR | 151.25
2025-04-23T19:59:09.159353 | 5364888869 | SOLUSDT | REGULAR | 151.12
2025-04-23T20:30:51.909540 | 5364888869 | SOLUSDT | REGULAR | 149.4
2025-04-24T17:23:36.146464 | 5364888869 | SOLUSDT | REGULAR | 148.25
2025-04-24T17:24:36.326548 | 5364888869 | SOLUSDT | REGULAR | 148.25
2025-04-24T17:25:35.674628 | 5364888869 | SOLUSDT | REGULAR | 147.98
2025-04-24T17:26:35.828069 | 5364888869 | SOLUSDT | REGULAR | 148.21
2025-04-24T17:29:35.019879 | 5364888869 | SOLUSDT | REGULAR | 148.14
2025-04-24T17:34:34.994233 | 5364888869 | SOLUSDT | REGULAR | 148.23
2025-04-24T17:35:34.894731 | 5364888869 | SOLUSDT | REGULAR | 148.33
2025-04-24T17:37:35.910976 | 5364888869 | SOLUSDT | REGULAR | 148.45
2025-04-24T17:39:36.699966 | 5364888869 | SOLUSDT | REGULAR | 148.29
2025-04-24T17:40:36.280621 | 5364888869 | SOLUSDT | REGULAR | 148.11
2025-04-24T17:41:36.479471 | 5364888869 | SOLUSDT | REGULAR | 148.29
2025-04-24T17:42:35.963034 | 5364888869 | SOLUSDT | REGULAR | 148.14
2025-04-24T17:43:36.380437 | 5364888869 | SOLUSDT | REGULAR | 148.13
2025-04-24T17:45:36.665605 | 5364888869 | SOLUSDT | REGULAR | 148.1
2025-04-24T17:47:54.636849 | 5364888869 | SOLUSDT | REGULAR | 147.92
2025-04-24T17:49:57.020025 | 5364888869 | SOLUSDT | REGULAR | 148.15
2025-04-24T17:50:55.223217 | 5364888869 | SOLUSDT | REGULAR | 148.15
2025-04-24T17:51:53.841693 | 5364888869 | SOLUSDT | REGULAR | 148.17
2025-04-24T17:52:53.196424 | 5364888869 | SOLUSDT | REGULAR | 148.21
2025-04-24T17:57:54.835238 | 5364888869 | SOLUSDT | REGULAR | 148.51
2025-04-24T17:58:54.267262 | 5364888869 | SOLUSDT | REGULAR | 148.5
2025-04-24T17:59:56.491390 | 5364888869 | SOLUSDT | REGULAR | 148.5
2025-04-24T18:00:53.593943 | 5364888869 | SOLUSDT | REGULAR | 148.52
2025-04-24T18:02:55.692307 | 5364888869 | SOLUSDT | REGULAR | 148.44
2025-04-24T18:04:53.228322 | 5364888869 | SOLUSDT | REGULAR | 148.28
2025-04-24T18:05:53.915476 | 5364888869 | SOLUSDT | REGULAR | 148.21
2025-04-24T18:06:55.553439 | 5364888869 | SOLUSDT | REGULAR | 148.32
2025-04-24T18:08:54.708673 | 5364888869 | SOLUSDT | REGULAR | 148.35
2025-04-24T18:09:57.060596 | 5364888869 | SOLUSDT | REGULAR | 148.4
2025-04-24T18:10:54.808577 | 5364888869 | SOLUSDT | REGULAR | 148.33
2025-04-24T18:12:54.117103 | 5364888869 | SOLUSDT | REGULAR | 148.53
2025-04-24T18:13:55.694845 | 5364888869 | SOLUSDT | REGULAR | 148.42
2025-04-24T18:14:56.985707 | 5364888869 | SOLUSDT | REGULAR | 148.51
2025-04-24T18:15:56.497621 | 5364888869 | SOLUSDT | REGULAR | 148.57
2025-04-24T18:16:58.546216 | 5364888869 | SOLUSDT | REGULAR | 148.59
2025-04-24T18:17:55.586883 | 5364888869 | SOLUSDT | REGULAR | 148.65
2025-04-24T18:18:53.036268 | 5364888869 | SOLUSDT | REGULAR | 148.63
2025-04-24T18:19:57.368693 | 5364888869 | SOLUSDT | REGULAR | 148.62
2025-04-24T18:21:55.374928 | 5364888869 | SOLUSDT | REGULAR | 148.69
2025-04-24T18:23:54.735037 | 5364888869 | SOLUSDT | REGULAR | 148.84
2025-04-24T18:59:36.368650 | 5364888869 | SOLUSDT | REGULAR | 148.53
2025-04-24T19:00:38.043140 | 5364888869 | SOLUSDT | REGULAR | 148.67
2025-04-24T19:02:35.791484 | 5364888869 | SOLUSDT | REGULAR | 149.06
2025-04-24T19:03:35.535552 | 5364888869 | SOLUSDT | REGULAR | 149.52
2025-04-24T19:04:37.682199 | 5364888869 | SOLUSDT | REGULAR | 149.69
2025-04-24T19:05:34.333021 | 5364888869 | SOLUSDT | REGULAR | 149.8
2025-04-26T12:08:31.302526 | 5364888869 | SOLUSDT | REGULAR | 151.8
2025-04-26T12:09:32.342692 | 5364888869 | SOLUSDT | REGULAR | 151.75
2025-04-26T12:10:30.847873 | 5364888869 | SOLUSDT | REGULAR | 151.94
2025-04-26T12:11:31.191671 | 5364888869 | SOLUSDT | REGULAR | 151.91
2025-04-26T12:12:29.959819 | 5364888869 | SOLUSDT | REGULAR | 152.2
2025-04-26T12:13:31.792224 | 5364888869 | SOLUSDT | REGULAR | 152.04
2025-04-26T12:14:30.805013 | 5364888869 | SOLUSDT | REGULAR | 152.09
2025-04-26T12:16:10.469493 | 5364888869 | SOLUSDT | REGULAR | 152.3
2025-04-26T12:17:31.647779 | 5364888869 | SOLUSDT | REGULAR | 152.19
2025-04-26T12:18:29.726747 | 5364888869 | SOLUSDT | REGULAR | 152.22
2025-04-26T12:19:29.640871 | 5364888869 | SOLUSDT | REGULAR | 152.0
2025-04-26T12:20:30.633983 | 5364888869 | SOLUSDT | REGULAR | 152.0
2025-04-26T12:21:29.641155 | 5364888869 | SOLUSDT | REGULAR | 152.01
2025-04-26T12:22:29.161722 | 5364888869 | SOLUSDT | REGULAR | 151.88
2025-04-26T12:23:32.085814 | 5364888869 | SOLUSDT | REGULAR | 151.89
2025-04-26T12:24:32.025657 | 5364888869 | SOLUSDT | REGULAR | 151.93
2025-04-26T12:25:30.457513 | 5364888869 | SOLUSDT | REGULAR | 152.14
2025-04-26T12:26:31.824622 | 5364888869 | SOLUSDT | REGULAR | 152.06
2025-04-26T12:27:29.822068 | 5364888869 | SOLUSDT | REGULAR | 152.11
2025-04-26T12:28:30.947391 | 5364888869 | SOLUSDT | REGULAR | 152.1
2025-04-26T12:29:30.719497 | 5364888869 | SOLUSDT | REGULAR | 152.04
2025-04-26T12:30:32.003609 | 5364888869 | SOLUSDT | REGULAR | 152.09
2025-04-26T12:31:31.282570 | 5364888869 | SOLUSDT | REGULAR | 151.94
2025-04-26T12:32:30.990661 | 5364888869 | SOLUSDT | REGULAR | 151.86
2025-04-26T12:33:31.933886 | 5364888869 | SOLUSDT | REGULAR | 151.75
2025-04-26T12:34:31.327775 | 5364888869 | SOLUSDT | REGULAR | 151.77
2025-04-26T12:35:32.398693 | 5364888869 | SOLUSDT | REGULAR | 151.9
2025-04-26T12:36:30.144781 | 5364888869 | SOLUSDT | REGULAR | 151.91
2025-04-27T21:11:03.425319 | 5364888869 | SOLUSDT | REGULAR | 149.4
2025-04-27T21:11:51.460282 | 5364888869 | SOLUSDT | REGULAR | 149.34
2025-04-27T21:12:52.531273 | 5364888869 | SOLUSDT | REGULAR | 149.38
2025-04-27T21:13:53.728346 | 5364888869 | SOLUSDT | REGULAR | 149.38
2025-04-27T21:14:52.379275 | 5364888869 | SOLUSDT | REGULAR | 149.4
2025-04-27T21:15:15.580121 | 5364888869 | SOLUSDT | THRESHOLD | 0.04%
2025-04-27T21:15:32.569230 | 5364888869 | BTCUSDT | REGULAR | 93911.14
2025-04-27T21:15:48.246881 | 5364888869 | SOLUSDT | REGULAR | 149.07
2025-04-27T21:16:32.802091 | 5364888869 | BTCUSDT | REGULAR | 93863.22
2025-04-27T21:16:51.235217 | 5364888869 | SOLUSDT | REGULAR | 149.19
2025-04-27T21:17:32.988239 | 5364888869 | BTCUSDT | REGULAR | 93806.65
2025-04-27T21:17:52.316739 | 5364888869 | SOLUSDT | REGULAR | 148.91
2025-04-27T21:17:54.968581 | 5364888869 | SOLUSDT | REGULAR | 148.94
2025-04-27T21:18:31.237328 | 5364888869 | BTCUSDT | REGULAR | 93785.6
2025-04-27T21:18:54.994192 | 5364888869 | SOLUSDT | REGULAR | 149.0
2025-04-27T21:18:55.894192 | 5364888869 | SOLUSDT | REGULAR | 149.01
2025-04-27T22:10:12.342210 | 5364888869 | BTCUSDT | REGULAR | 93955.83
2025-04-27T22:15:12.483887 | 5364888869 | BTCUSDT | REGULAR | 94100.08
2025-04-27T22:31:54.210623 | 5364888869 | BTCUSDT | REGULAR | 94067.21
2025-04-29T09:54:02.959458 | 5364888869 | SOLUSDT | REGULAR | 146.43
2025-04-29T09:55:03.247136 | 5364888869 | SOLUSDT | REGULAR | 146.62
2025-04-29T09:56:03.393342 | 5364888869 | SOLUSDT | REGULAR | 146.49
2025-04-29T09:57:01.053364 | 5364888869 | SOLUSDT | REGULAR | 146.47
